# JRE version: OpenJDK Runtime Environment (11.0.12+7) (build 11.0.12+7-b1504.28-7817840)
# Java VM: OpenJDK 64-Bit Server VM (11.0.12+7-b1504.28-7817840, mixed mode, tiered, compressed oops, g1 gc, windows-amd64)
Heap:
 garbage-first heap   total 262144K, used 116435K [0x0000000080000000, 0x0000000100000000)
  region size 1024K, 60 young (61440K), 18 survivors (18432K)
 Metaspace       used 55949K, capacity 57585K, committed 57856K, reserved 1099776K
  class space    used 7288K, capacity 7862K, committed 7936K, reserved 1048576K
GC Heap History (16 events):
Event: 2.233 GC heap before
{Heap before GC invocations=0 (full 0):
 garbage-first heap   total 262144K, used 30720K [0x0000000080000000, 0x0000000100000000)
  region size 1024K, 24 young (24576K), 0 survivors (0K)
 Metaspace       used 10240K, capacity 10493K, committed 10624K, reserved 1058816K
  class space    used 1072K, capacity 1139K, committed 1152K, reserved 1048576K
}
Event: 2.238 GC heap after
{Heap after GC invocations=1 (full 0):
 garbage-first heap   total 262144K, used 9470K [0x0000000080000000, 0x0000000100000000)
  region size 1024K, 3 young (3072K), 3 survivors (3072K)
 Metaspace       used 10240K, capacity 10493K, committed 10624K, reserved 1058816K
  class space    used 1072K, capacity 1139K, committed 1152K, reserved 1048576K
}
Event: 2.517 GC heap before
{Heap before GC invocations=1 (full 0):
 garbage-first heap   total 262144K, used 22782K [0x0000000080000000, 0x0000000100000000)
  region size 1024K, 16 young (16384K), 3 survivors (3072K)
 Metaspace       used 11160K, capacity 11448K, committed 11520K, reserved 1058816K
  class space    used 1173K, capacity 1244K, committed 1280K, reserved 1048576K
}
Event: 2.519 GC heap after
{Heap after GC invocations=2 (full 0):
 garbage-first heap   total 262144K, used 9699K [0x0000000080000000, 0x0000000100000000)
  region size 1024K, 1 young (1024K), 1 survivors (1024K)
 Metaspace       used 11160K, capacity 11448K, committed 11520K, reserved 1058816K
  class space    used 1173K, capacity 1244K, committed 1280K, reserved 1048576K
}
Event: 4.651 GC heap before
{Heap before GC invocations=2 (full 0):
 garbage-first heap   total 262144K, used 59875K [0x0000000080000000, 0x0000000100000000)
  region size 1024K, 50 young (51200K), 1 survivors (1024K)
 Metaspace       used 16153K, capacity 16549K, committed 16640K, reserved 1064960K
  class space    used 1854K, capacity 1967K, committed 2048K, reserved 1048576K
}
Event: 4.655 GC heap after
{Heap after GC invocations=3 (full 0):
 garbage-first heap   total 262144K, used 15733K [0x0000000080000000, 0x0000000100000000)
  region size 1024K, 7 young (7168K), 7 survivors (7168K)
 Metaspace       used 16153K, capacity 16549K, committed 16640K, reserved 1064960K
  class space    used 1854K, capacity 1967K, committed 2048K, reserved 1048576K
}
Event: 5.587 GC heap before
{Heap before GC invocations=3 (full 0):
 garbage-first heap   total 262144K, used 54645K [0x0000000080000000, 0x0000000100000000)
  region size 1024K, 46 young (47104K), 7 survivors (7168K)
 Metaspace       used 20684K, capacity 21158K, committed 21248K, reserved 1067008K
  class space    used 2548K, capacity 2729K, committed 2816K, reserved 1048576K
}
Event: 5.595 GC heap after
{Heap after GC invocations=4 (full 0):
 garbage-first heap   total 262144K, used 17072K [0x0000000080000000, 0x0000000100000000)
  region size 1024K, 2 young (2048K), 2 survivors (2048K)
 Metaspace       used 20684K, capacity 21158K, committed 21248K, reserved 1067008K
  class space    used 2548K, capacity 2729K, committed 2816K, reserved 1048576K
}
Event: 10.547 GC heap before
{Heap before GC invocations=5 (full 0):
 garbage-first heap   total 262144K, used 147120K [0x0000000080000000, 0x0000000100000000)
  region size 1024K, 119 young (121856K), 2 survivors (2048K)
 Metaspace       used 32066K, capacity 32947K, committed 33152K, reserved 1077248K
  class space    used 4326K, capacity 4641K, committed 4736K, reserved 1048576K
}
Event: 10.553 GC heap after
{Heap after GC invocations=6 (full 0):
 garbage-first heap   total 262144K, used 34452K [0x0000000080000000, 0x0000000100000000)
  region size 1024K, 9 young (9216K), 9 survivors (9216K)
 Metaspace       used 32066K, capacity 32947K, committed 33152K, reserved 1077248K
  class space    used 4326K, capacity 4641K, committed 4736K, reserved 1048576K
}
Event: 11.060 GC heap before
{Heap before GC invocations=6 (full 0):
 garbage-first heap   total 262144K, used 49812K [0x0000000080000000, 0x0000000100000000)
  region size 1024K, 25 young (25600K), 9 survivors (9216K)
 Metaspace       used 34813K, capacity 35782K, committed 35840K, reserved 1081344K
  class space    used 4649K, capacity 4989K, committed 4992K, reserved 1048576K
}
Event: 11.066 GC heap after
{Heap after GC invocations=7 (full 0):
 garbage-first heap   total 262144K, used 35979K [0x0000000080000000, 0x0000000100000000)
  region size 1024K, 11 young (11264K), 11 survivors (11264K)
 Metaspace       used 34813K, capacity 35782K, committed 35840K, reserved 1081344K
  class space    used 4649K, capacity 4989K, committed 4992K, reserved 1048576K
}
Event: 13.134 GC heap before
{Heap before GC invocations=8 (full 0):
 garbage-first heap   total 262144K, used 165003K [0x0000000080000000, 0x0000000100000000)
  region size 1024K, 129 young (132096K), 11 survivors (11264K)
 Metaspace       used 46042K, capacity 47257K, committed 47360K, reserved 1089536K
  class space    used 5843K, capacity 6328K, committed 6400K, reserved 1048576K
}
Event: 13.147 GC heap after
{Heap after GC invocations=9 (full 0):
 garbage-first heap   total 262144K, used 49623K [0x0000000080000000, 0x0000000100000000)
  region size 1024K, 17 young (17408K), 17 survivors (17408K)
 Metaspace       used 46042K, capacity 47257K, committed 47360K, reserved 1089536K
  class space    used 5843K, capacity 6328K, committed 6400K, reserved 1048576K
}
Event: 17.079 GC heap before
{Heap before GC invocations=9 (full 0):
 garbage-first heap   total 262144K, used 186839K [0x0000000080000000, 0x0000000100000000)
  region size 1024K, 140 young (143360K), 17 survivors (17408K)
 Metaspace       used 52305K, capacity 53886K, committed 54144K, reserved 1095680K
  class space    used 6728K, capacity 7269K, committed 7296K, reserved 1048576K
}
Event: 17.092 GC heap after
{Heap after GC invocations=10 (full 0):
 garbage-first heap   total 262144K, used 74451K [0x0000000080000000, 0x0000000100000000)
  region size 1024K, 18 young (18432K), 18 survivors (18432K)
 Metaspace       used 52305K, capacity 53886K, committed 54144K, reserved 1095680K
  class space    used 6728K, capacity 7269K, committed 7296K, reserved 1048576K
}

